Build started 10/31/2013 1:47:10 PM.
     1>Project "c:\Users\LOCKE\documents\visual studio 2010\Projects\ClericGameManagement\ClericGameManagement\ClericGameManagement.vcxproj" on node 2 (build target(s)).
     1>InitializeBuildStatus:
         Creating "x64\Release\ClericGameManagement.unsuccessfulbuild" because "AlwaysCreate" was specified.
       ClCompile:
         C:\Program Files (x86)\Microsoft Visual Studio 10.0\VC\bin\x86_amd64\CL.exe /c /I"C:\SFML-2.1\include" /Zi /nologo /W3 /WX- /O2 /Oi /GL /D WIN32 /D NDEBUG /D _CONSOLE /D _UNICODE /D UNICODE /Gm- /EHsc /MD /GS /Gy /fp:precise /Zc:wchar_t /Zc:forScope /Fo"x64\Release\\" /Fd"x64\Release\vc100.pdb" /Gd /TP /errorReport:prompt main.cpp
         main.cpp
       Link:
         C:\Program Files (x86)\Microsoft Visual Studio 10.0\VC\bin\x86_amd64\link.exe /ERRORREPORT:PROMPT /OUT:"c:\users\locke\documents\visual studio 2010\Projects\ClericGameManagement\x64\Release\ClericGameManagement.exe" /INCREMENTAL:NO /NOLOGO /LIBPATH:"C:\SFML-2.1\lib" "sfml-main.lib" "sfml-graphics.lib" "sfml-window.lib" "sfml-system.lib" "sfml-audio.lib" "sfml-network.lib" kernel32.lib user32.lib gdi32.lib winspool.lib comdlg32.lib advapi32.lib shell32.lib ole32.lib oleaut32.lib uuid.lib odbc32.lib odbccp32.lib kernel32.lib user32.lib gdi32.lib winspool.lib comdlg32.lib advapi32.lib shell32.lib ole32.lib oleaut32.lib uuid.lib odbc32.lib odbccp32.lib /MANIFEST /ManifestFile:"x64\Release\ClericGameManagement.exe.intermediate.manifest" /MANIFESTUAC:"level='asInvoker' uiAccess='false'" /DEBUG /PDB:"c:\users\locke\documents\visual studio 2010\Projects\ClericGameManagement\x64\Release\ClericGameManagement.pdb" /SUBSYSTEM:CONSOLE /OPT:REF /OPT:ICF /LTCG /TLBID:1 /DYNAMICBASE /NXCOMPAT /IMPLIB:"c:\users\locke\documents\visual studio 2010\Projects\ClericGameManagement\x64\Release\ClericGameManagement.lib" /MACHINE:X64 x64\Release\main.obj
         Generating code
         Finished generating code
         ClericGameManagement.vcxproj -> c:\users\locke\documents\visual studio 2010\Projects\ClericGameManagement\x64\Release\ClericGameManagement.exe
       Manifest:
         C:\Program Files (x86)\Microsoft SDKs\Windows\v7.0A\bin\mt.exe /nologo /verbose /outputresource:"c:\users\locke\documents\visual studio 2010\Projects\ClericGameManagement\x64\Release\ClericGameManagement.exe;#1" /manifest x64\Release\ClericGameManagement.exe.intermediate.manifest
       FinalizeBuildStatus:
         Deleting file "x64\Release\ClericGameManagement.unsuccessfulbuild".
         Touching "x64\Release\ClericGameManagement.lastbuildstate".
     1>Done Building Project "c:\Users\LOCKE\documents\visual studio 2010\Projects\ClericGameManagement\ClericGameManagement\ClericGameManagement.vcxproj" (build target(s)).

Build succeeded.

Time Elapsed 00:00:00.90
