Build started 10/31/2013 3:22:20 PM.
     1>Project "c:\Users\LOCKE\documents\visual studio 2010\Projects\ClericGameManagement\ClericGameManagement\ClericGameManagement.vcxproj" on node 2 (build target(s)).
     1>InitializeBuildStatus:
         Creating "x64\Debug\ClericGameManagement.unsuccessfulbuild" because "AlwaysCreate" was specified.
       ClCompile:
         C:\Program Files (x86)\Microsoft Visual Studio 10.0\VC\bin\x86_amd64\CL.exe /c /I"C:\SFML-2.1\include" /Zi /nologo /W3 /WX- /Od /D WIN32 /D _DEBUG /D _CONSOLE /D _UNICODE /D UNICODE /Gm /EHsc /RTC1 /MDd /GS /fp:precise /Zc:wchar_t /Zc:forScope /Fo"x64\Debug\\" /Fd"x64\Debug\vc100.pdb" /Gd /TP /errorReport:prompt DungeonState.cpp InteriorState.cpp MapState.cpp MenuState.cpp State.cpp SubState.cpp TownState.cpp
         TownState.cpp
         SubState.cpp
         State.cpp
         MenuState.cpp
         MapState.cpp
         InteriorState.cpp
         DungeonState.cpp
         Generating Code...
       ManifestResourceCompile:
         All outputs are up-to-date.
       Link:
         C:\Program Files (x86)\Microsoft Visual Studio 10.0\VC\bin\x86_amd64\link.exe /ERRORREPORT:PROMPT /OUT:"c:\users\locke\documents\visual studio 2010\Projects\ClericGameManagement\x64\Debug\ClericGameManagement.exe" /INCREMENTAL /NOLOGO /LIBPATH:"C:\SFML-2.1\lib" "sfml-main-d.lib" "sfml-graphics-d.lib" "sfml-window-d.lib" "sfml-system-d.lib" "sfml-audio-d.lib" "sfml-network-d.lib" kernel32.lib user32.lib gdi32.lib winspool.lib comdlg32.lib advapi32.lib shell32.lib ole32.lib oleaut32.lib uuid.lib odbc32.lib odbccp32.lib kernel32.lib user32.lib gdi32.lib winspool.lib comdlg32.lib advapi32.lib shell32.lib ole32.lib oleaut32.lib uuid.lib odbc32.lib odbccp32.lib /MANIFEST /ManifestFile:"x64\Debug\ClericGameManagement.exe.intermediate.manifest" /MANIFESTUAC:"level='asInvoker' uiAccess='false'" /DEBUG /PDB:"c:\users\locke\documents\visual studio 2010\Projects\ClericGameManagement\x64\Debug\ClericGameManagement.pdb" /SUBSYSTEM:CONSOLE /TLBID:1 /DYNAMICBASE /NXCOMPAT /IMPLIB:"c:\users\locke\documents\visual studio 2010\Projects\ClericGameManagement\x64\Debug\ClericGameManagement.lib" /MACHINE:X64 x64\Debug\ClericGameManagement.exe.embed.manifest.res
         x64\Debug\DungeonState.obj
         x64\Debug\InteriorState.obj
         x64\Debug\main.obj
         x64\Debug\MapState.obj
         x64\Debug\MenuState.obj
         x64\Debug\State.obj
         x64\Debug\SubState.obj
         x64\Debug\TownState.obj
         ClericGameManagement.vcxproj -> c:\users\locke\documents\visual studio 2010\Projects\ClericGameManagement\x64\Debug\ClericGameManagement.exe
       Manifest:
         C:\Program Files (x86)\Microsoft SDKs\Windows\v7.0A\bin\mt.exe /nologo /verbose /out:"x64\Debug\ClericGameManagement.exe.embed.manifest" /manifest x64\Debug\ClericGameManagement.exe.intermediate.manifest
         All outputs are up-to-date.
       LinkEmbedManifest:
         All outputs are up-to-date.
         ClericGameManagement.vcxproj -> c:\users\locke\documents\visual studio 2010\Projects\ClericGameManagement\x64\Debug\ClericGameManagement.exe
       FinalizeBuildStatus:
         Deleting file "x64\Debug\ClericGameManagement.unsuccessfulbuild".
         Touching "x64\Debug\ClericGameManagement.lastbuildstate".
     1>Done Building Project "c:\Users\LOCKE\documents\visual studio 2010\Projects\ClericGameManagement\ClericGameManagement\ClericGameManagement.vcxproj" (build target(s)).

Build succeeded.

Time Elapsed 00:00:00.80
